<?xml version="1.0"?>
<!-- <!DOCTYPE Chapters SYSTEM "matroskachapters.dtd"> -->
<Chapters>
  <EditionEntry>
    <EditionFlagDefault>1</EditionFlagDefault>
    <EditionUID>781042213043594987</EditionUID>
    <ChapterAtom>
      <ChapterUID>3000000001</ChapterUID>
      <ChapterTimeStart>00:00:00.000000000</ChapterTimeStart>
      <ChapterDisplay>
        <ChapterString>Intro</ChapterString>
        <ChapterLanguage>und</ChapterLanguage>
        <ChapLanguageIETF>und</ChapLanguageIETF>
      </ChapterDisplay>
    </ChapterAtom>
    <ChapterAtom>
      <ChapterUID>3000000002</ChapterUID>
      <ChapterTimeStart>00:01:17.000000000</ChapterTimeStart>
      <ChapterDisplay>
        <ChapterString>Problem Solving</ChapterString>
        <ChapterLanguage>und</ChapterLanguage>
        <ChapLanguageIETF>und</ChapLanguageIETF>
      </ChapterDisplay>
    </ChapterAtom>
    <ChapterAtom>
      <ChapterUID>3000000003</ChapterUID>
      <ChapterTimeStart>00:05:36.000000000</ChapterTimeStart>
      <ChapterDisplay>
        <ChapterString>Representation</ChapterString>
        <ChapterLanguage>und</ChapterLanguage>
        <ChapLanguageIETF>und</ChapLanguageIETF>
      </ChapterDisplay>
    </ChapterAtom>
    <ChapterAtom>
      <ChapterUID>3000000004</ChapterUID>
      <ChapterTimeStart>00:06:14.000000000</ChapterTimeStart>
      <ChapterDisplay>
        <ChapterString>Binary</ChapterString>
        <ChapterLanguage>und</ChapterLanguage>
        <ChapLanguageIETF>und</ChapLanguageIETF>
      </ChapterDisplay>
    </ChapterAtom>
    <ChapterAtom>
      <ChapterUID>3000000005</ChapterUID>
      <ChapterTimeStart>00:13:25.000000000</ChapterTimeStart>
      <ChapterDisplay>
        <ChapterString>Letters</ChapterString>
        <ChapterLanguage>und</ChapterLanguage>
        <ChapLanguageIETF>und</ChapLanguageIETF>
      </ChapterDisplay>
    </ChapterAtom>
    <ChapterAtom>
      <ChapterUID>3000000006</ChapterUID>
      <ChapterTimeStart>00:16:40.000000000</ChapterTimeStart>
      <ChapterDisplay>
        <ChapterString>ASCII</ChapterString>
        <ChapterLanguage>und</ChapterLanguage>
        <ChapLanguageIETF>und</ChapLanguageIETF>
      </ChapterDisplay>
    </ChapterAtom>
    <ChapterAtom>
      <ChapterUID>3000000007</ChapterUID>
      <ChapterTimeStart>00:20:12.000000000</ChapterTimeStart>
      <ChapterDisplay>
        <ChapterString>Unicode</ChapterString>
        <ChapterLanguage>und</ChapterLanguage>
        <ChapLanguageIETF>und</ChapLanguageIETF>
      </ChapterDisplay>
    </ChapterAtom>
    <ChapterAtom>
      <ChapterUID>3000000008</ChapterUID>
      <ChapterTimeStart>00:25:38.000000000</ChapterTimeStart>
      <ChapterDisplay>
        <ChapterString>Color</ChapterString>
        <ChapterLanguage>und</ChapterLanguage>
        <ChapLanguageIETF>und</ChapLanguageIETF>
      </ChapterDisplay>
    </ChapterAtom>
    <ChapterAtom>
      <ChapterUID>3000000009</ChapterUID>
      <ChapterTimeStart>00:28:00.000000000</ChapterTimeStart>
      <ChapterDisplay>
        <ChapterString>Images</ChapterString>
        <ChapterLanguage>und</ChapterLanguage>
        <ChapLanguageIETF>und</ChapLanguageIETF>
      </ChapterDisplay>
    </ChapterAtom>
    <ChapterAtom>
      <ChapterUID>3000000010</ChapterUID>
      <ChapterTimeStart>00:29:28.000000000</ChapterTimeStart>
      <ChapterDisplay>
        <ChapterString>Videos</ChapterString>
        <ChapterLanguage>und</ChapterLanguage>
        <ChapLanguageIETF>und</ChapLanguageIETF>
      </ChapterDisplay>
    </ChapterAtom>
    <ChapterAtom>
      <ChapterUID>3000000011</ChapterUID>
      <ChapterTimeStart>00:30:43.000000000</ChapterTimeStart>
      <ChapterDisplay>
        <ChapterString>Music</ChapterString>
        <ChapterLanguage>und</ChapterLanguage>
        <ChapLanguageIETF>und</ChapLanguageIETF>
      </ChapterDisplay>
    </ChapterAtom>
    <ChapterAtom>
      <ChapterUID>3000000012</ChapterUID>
      <ChapterTimeStart>00:31:50.000000000</ChapterTimeStart>
      <ChapterDisplay>
        <ChapterString>Questions on representation</ChapterString>
        <ChapterLanguage>und</ChapterLanguage>
        <ChapLanguageIETF>und</ChapLanguageIETF>
      </ChapterDisplay>
    </ChapterAtom>
    <ChapterAtom>
      <ChapterUID>3000000013</ChapterUID>
      <ChapterTimeStart>00:35:41.000000000</ChapterTimeStart>
      <ChapterDisplay>
        <ChapterString>Algorithms</ChapterString>
        <ChapterLanguage>und</ChapterLanguage>
        <ChapLanguageIETF>und</ChapLanguageIETF>
      </ChapterDisplay>
    </ChapterAtom>
    <ChapterAtom>
      <ChapterUID>3000000014</ChapterUID>
      <ChapterTimeStart>00:40:33.000000000</ChapterTimeStart>
      <ChapterDisplay>
        <ChapterString>Time to solve</ChapterString>
        <ChapterLanguage>und</ChapterLanguage>
        <ChapLanguageIETF>und</ChapLanguageIETF>
      </ChapterDisplay>
    </ChapterAtom>
    <ChapterAtom>
      <ChapterUID>3000000015</ChapterUID>
      <ChapterTimeStart>00:43:57.000000000</ChapterTimeStart>
      <ChapterDisplay>
        <ChapterString>Pseudocode</ChapterString>
        <ChapterLanguage>und</ChapterLanguage>
        <ChapLanguageIETF>und</ChapLanguageIETF>
      </ChapterDisplay>
    </ChapterAtom>
    <ChapterAtom>
      <ChapterUID>3000000016</ChapterUID>
      <ChapterTimeStart>00:50:35.000000000</ChapterTimeStart>
      <ChapterDisplay>
        <ChapterString>Scratch</ChapterString>
        <ChapterLanguage>und</ChapterLanguage>
        <ChapLanguageIETF>und</ChapLanguageIETF>
      </ChapterDisplay>
    </ChapterAtom>
    <ChapterAtom>
      <ChapterUID>3000000017</ChapterUID>
      <ChapterTimeStart>00:52:39.000000000</ChapterTimeStart>
      <ChapterDisplay>
        <ChapterString>Scratch blocks</ChapterString>
        <ChapterLanguage>und</ChapterLanguage>
        <ChapLanguageIETF>und</ChapLanguageIETF>
      </ChapterDisplay>
    </ChapterAtom>
    <ChapterAtom>
      <ChapterUID>3000000018</ChapterUID>
      <ChapterTimeStart>00:57:22.000000000</ChapterTimeStart>
      <ChapterDisplay>
        <ChapterString>Hello world</ChapterString>
        <ChapterLanguage>und</ChapterLanguage>
        <ChapLanguageIETF>und</ChapLanguageIETF>
      </ChapterDisplay>
    </ChapterAtom>
    <ChapterAtom>
      <ChapterUID>3000000019</ChapterUID>
      <ChapterTimeStart>01:03:30.000000000</ChapterTimeStart>
      <ChapterDisplay>
        <ChapterString>Inputs to outputs, outputs to inputs</ChapterString>
        <ChapterLanguage>und</ChapterLanguage>
        <ChapLanguageIETF>und</ChapLanguageIETF>
      </ChapterDisplay>
    </ChapterAtom>
    <ChapterAtom>
      <ChapterUID>3000000020</ChapterUID>
      <ChapterTimeStart>01:05:50.000000000</ChapterTimeStart>
      <ChapterDisplay>
        <ChapterString>Text to speech</ChapterString>
        <ChapterLanguage>und</ChapterLanguage>
        <ChapLanguageIETF>und</ChapLanguageIETF>
      </ChapterDisplay>
    </ChapterAtom>
    <ChapterAtom>
      <ChapterUID>3000000021</ChapterUID>
      <ChapterTimeStart>01:07:41.000000000</ChapterTimeStart>
      <ChapterDisplay>
        <ChapterString>Meow</ChapterString>
        <ChapterLanguage>und</ChapterLanguage>
        <ChapLanguageIETF>und</ChapLanguageIETF>
      </ChapterDisplay>
    </ChapterAtom>
    <ChapterAtom>
      <ChapterUID>3000000022</ChapterUID>
      <ChapterTimeStart>01:08:35.000000000</ChapterTimeStart>
      <ChapterDisplay>
        <ChapterString>Loops</ChapterString>
        <ChapterLanguage>und</ChapterLanguage>
        <ChapLanguageIETF>und</ChapLanguageIETF>
      </ChapterDisplay>
    </ChapterAtom>
    <ChapterAtom>
      <ChapterUID>3000000023</ChapterUID>
      <ChapterTimeStart>01:10:42.000000000</ChapterTimeStart>
      <ChapterDisplay>
        <ChapterString>Custom blocks</ChapterString>
        <ChapterLanguage>und</ChapterLanguage>
        <ChapLanguageIETF>und</ChapLanguageIETF>
      </ChapterDisplay>
    </ChapterAtom>
    <ChapterAtom>
      <ChapterUID>3000000024</ChapterUID>
      <ChapterTimeStart>01:15:50.000000000</ChapterTimeStart>
      <ChapterDisplay>
        <ChapterString>Conditionals</ChapterString>
        <ChapterLanguage>und</ChapterLanguage>
        <ChapLanguageIETF>und</ChapLanguageIETF>
      </ChapterDisplay>
    </ChapterAtom>
    <ChapterAtom>
      <ChapterUID>3000000025</ChapterUID>
      <ChapterTimeStart>01:17:25.000000000</ChapterTimeStart>
      <ChapterDisplay>
        <ChapterString>Forever</ChapterString>
        <ChapterLanguage>und</ChapterLanguage>
        <ChapLanguageIETF>und</ChapLanguageIETF>
      </ChapterDisplay>
    </ChapterAtom>
    <ChapterAtom>
      <ChapterUID>3000000026</ChapterUID>
      <ChapterTimeStart>01:18:42.000000000</ChapterTimeStart>
      <ChapterDisplay>
        <ChapterString>Video sensing</ChapterString>
        <ChapterLanguage>und</ChapterLanguage>
        <ChapLanguageIETF>und</ChapLanguageIETF>
      </ChapterDisplay>
    </ChapterAtom>
    <ChapterAtom>
      <ChapterUID>3000000027</ChapterUID>
      <ChapterTimeStart>01:20:25.000000000</ChapterTimeStart>
      <ChapterDisplay>
        <ChapterString>Whack-a-mole</ChapterString>
        <ChapterLanguage>und</ChapterLanguage>
        <ChapLanguageIETF>und</ChapLanguageIETF>
      </ChapterDisplay>
    </ChapterAtom>
    <ChapterAtom>
      <ChapterUID>3000000028</ChapterUID>
      <ChapterTimeStart>01:21:57.000000000</ChapterTimeStart>
      <ChapterDisplay>
        <ChapterString>One piece at a time</ChapterString>
        <ChapterLanguage>und</ChapterLanguage>
        <ChapLanguageIETF>und</ChapLanguageIETF>
      </ChapterDisplay>
    </ChapterAtom>
    <ChapterAtom>
      <ChapterUID>3000000029</ChapterUID>
      <ChapterTimeStart>01:22:48.000000000</ChapterTimeStart>
      <ChapterDisplay>
        <ChapterString>Oscartime</ChapterString>
        <ChapterLanguage>und</ChapterLanguage>
        <ChapLanguageIETF>und</ChapLanguageIETF>
      </ChapterDisplay>
    </ChapterAtom>
    <ChapterAtom>
      <ChapterUID>3000000030</ChapterUID>
      <ChapterTimeStart>01:24:24.000000000</ChapterTimeStart>
      <ChapterDisplay>
        <ChapterString>Oscartime stage</ChapterString>
        <ChapterLanguage>und</ChapterLanguage>
        <ChapLanguageIETF>und</ChapLanguageIETF>
      </ChapterDisplay>
    </ChapterAtom>
    <ChapterAtom>
      <ChapterUID>3000000031</ChapterUID>
      <ChapterTimeStart>01:25:30.000000000</ChapterTimeStart>
      <ChapterDisplay>
        <ChapterString>Oscartime trash can</ChapterString>
        <ChapterLanguage>und</ChapterLanguage>
        <ChapLanguageIETF>und</ChapLanguageIETF>
      </ChapterDisplay>
    </ChapterAtom>
    <ChapterAtom>
      <ChapterUID>3000000032</ChapterUID>
      <ChapterTimeStart>01:27:18.000000000</ChapterTimeStart>
      <ChapterDisplay>
        <ChapterString>Oscartime falling trash</ChapterString>
        <ChapterLanguage>und</ChapterLanguage>
        <ChapLanguageIETF>und</ChapLanguageIETF>
      </ChapterDisplay>
    </ChapterAtom>
    <ChapterAtom>
      <ChapterUID>3000000033</ChapterUID>
      <ChapterTimeStart>01:29:42.000000000</ChapterTimeStart>
      <ChapterDisplay>
        <ChapterString>Oscartime dragging trash</ChapterString>
        <ChapterLanguage>und</ChapterLanguage>
        <ChapLanguageIETF>und</ChapLanguageIETF>
      </ChapterDisplay>
    </ChapterAtom>
    <ChapterAtom>
      <ChapterUID>3000000034</ChapterUID>
      <ChapterTimeStart>01:31:30.000000000</ChapterTimeStart>
      <ChapterDisplay>
        <ChapterString>Putting Oscartime together</ChapterString>
        <ChapterLanguage>und</ChapterLanguage>
        <ChapLanguageIETF>und</ChapLanguageIETF>
      </ChapterDisplay>
    </ChapterAtom>
    <ChapterAtom>
      <ChapterUID>3000000035</ChapterUID>
      <ChapterTimeStart>01:33:42.000000000</ChapterTimeStart>
      <ChapterDisplay>
        <ChapterString>Movement</ChapterString>
        <ChapterLanguage>und</ChapterLanguage>
        <ChapLanguageIETF>und</ChapLanguageIETF>
      </ChapterDisplay>
    </ChapterAtom>
    <ChapterAtom>
      <ChapterUID>3000000036</ChapterUID>
      <ChapterTimeStart>01:35:32.000000000</ChapterTimeStart>
      <ChapterDisplay>
        <ChapterString>Movement's abstractions</ChapterString>
        <ChapterLanguage>und</ChapterLanguage>
        <ChapLanguageIETF>und</ChapLanguageIETF>
      </ChapterDisplay>
    </ChapterAtom>
    <ChapterAtom>
      <ChapterUID>3000000037</ChapterUID>
      <ChapterTimeStart>01:37:30.000000000</ChapterTimeStart>
      <ChapterDisplay>
        <ChapterString>Bouncing</ChapterString>
        <ChapterLanguage>und</ChapterLanguage>
        <ChapLanguageIETF>und</ChapLanguageIETF>
      </ChapterDisplay>
    </ChapterAtom>
    <ChapterAtom>
      <ChapterUID>3000000038</ChapterUID>
      <ChapterTimeStart>01:39:05.000000000</ChapterTimeStart>
      <ChapterDisplay>
        <ChapterString>Following</ChapterString>
        <ChapterLanguage>und</ChapterLanguage>
        <ChapLanguageIETF>und</ChapLanguageIETF>
      </ChapterDisplay>
    </ChapterAtom>
    <ChapterAtom>
      <ChapterUID>3000000039</ChapterUID>
      <ChapterTimeStart>01:41:00.000000000</ChapterTimeStart>
      <ChapterDisplay>
        <ChapterString>Ivy's Hardest Game</ChapterString>
        <ChapterLanguage>und</ChapterLanguage>
        <ChapLanguageIETF>und</ChapLanguageIETF>
      </ChapterDisplay>
    </ChapterAtom>
  </EditionEntry>
</Chapters>
